<?xml version="1.0" encoding="UTF-8"?>
<coverage generated="1655140240828" clover="3.2.0">
  <project timestamp="1655140240828" name="All files">
    <metrics statements="15" coveredstatements="11" conditionals="2" coveredconditionals="2" methods="6" coveredmethods="3" elements="23" coveredelements="16" complexity="0" loc="15" ncloc="15" packages="1" files="3" classes="3"/>
    <file name="Like.js" path="/Users/billie/Documents/Auguste/Lap-3/react-app/src/components/Like.js">
      <metrics statements="7" coveredstatements="7" conditionals="2" coveredconditionals="2" methods="2" coveredmethods="2"/>
      <line num="3" count="1" type="stmt"/>
      <line num="4" count="3" type="stmt"/>
      <line num="6" count="3" type="stmt"/>
      <line num="7" count="2" type="cond" truecount="2" falsecount="0"/>
      <line num="8" count="1" type="stmt"/>
      <line num="10" count="1" type="stmt"/>
      <line num="13" count="3" type="stmt"/>
    </file>
    <file name="PokemonCards.js" path="/Users/billie/Documents/Auguste/Lap-3/react-app/src/components/PokemonCards.js">
      <metrics statements="5" coveredstatements="1" conditionals="0" coveredconditionals="0" methods="3" coveredmethods="0"/>
      <line num="5" count="1" type="stmt"/>
      <line num="6" count="0" type="stmt"/>
      <line num="11" count="0" type="stmt"/>
      <line num="12" count="0" type="stmt"/>
      <line num="15" count="0" type="stmt"/>
    </file>
    <file name="TrainerCard.js" path="/Users/billie/Documents/Auguste/Lap-3/react-app/src/components/TrainerCard.js">
      <metrics statements="3" coveredstatements="3" conditionals="0" coveredconditionals="0" methods="1" coveredmethods="1"/>
      <line num="6" count="1" type="stmt"/>
      <line num="7" count="1" type="stmt"/>
      <line num="9" count="1" type="stmt"/>
    </file>
  </project>
</coverage>
